<?xml version="1.0" encoding="UTF-8"?>
<!-- Generated by org.testng.reporters.JUnitXMLReporter -->
<testsuite ignored="0" hostname="LAPTOP-SSSJME6K" failures="0" tests="10" name="EdgeTest" time="14.38" errors="0" timestamp="2025-02-13T13:40:39 SGT">
  <testcase classname="TestPackage.ToDoTest" name="testAddToDos" time="0.335"/>
  <testcase classname="TestPackage.ToDoTest" name="testAddToDos" time="0.228"/>
  <testcase classname="TestPackage.ToDoTest" name="testAddToDos" time="0.281"/>
  <testcase classname="TestPackage.ToDoTest" name="testMarkTasksAsCompleted" time="0.366"/>
  <testcase classname="TestPackage.ToDoTest" name="testDeleteTasks" time="5.705"/>
  <testcase classname="TestPackage.ToDoTest" name="testEditTask" time="2.763"/>
  <testcase classname="TestPackage.ToDoTest" name="testFilterToDos" time="0.454"/>
  <testcase classname="TestPackage.ToDoTest" name="testFilterToDos" time="0.339"/>
  <testcase classname="TestPackage.ToDoTest" name="testFilterToDos" time="0.372"/>
  <testcase classname="TestPackage.ToDoTest" name="testFilterMarkTasksAsCompleted" time="0.45"/>
</testsuite> <!-- EdgeTest -->
