<?xml version="1.0" encoding="UTF-8"?>
<testng-results ignored="0" total="2" passed="2" failed="0" skipped="0">
  <reporter-output>
  </reporter-output>
  <suite started-at="2025-02-12T14:10:52 SGT" name="CrossBrowserHybridSuite" finished-at="2025-02-12T14:11:10 SGT" duration-ms="18824">
    <groups>
    </groups>
    <test started-at="2025-02-12T14:10:52 SGT" name="EdgeTest" finished-at="2025-02-12T14:11:10 SGT" duration-ms="18824">
      <class name="TestPackage.ToDoTest">
        <test-method is-config="true" signature="setup(java.lang.String)[pri:0, instance:TestPackage.ToDoTest@c88a337]" started-at="2025-02-12T14:10:52 SGT" name="setup" finished-at="2025-02-12T14:11:00 SGT" duration-ms="8821" status="PASS">
          <params>
            <param index="0">
              <value>
                <![CDATA[edge]]>
              </value>
            </param>
          </params>
          <reporter-output>
          </reporter-output>
        </test-method> <!-- setup -->
        <test-method signature="testAddToDo()[pri:0, instance:TestPackage.ToDoTest@c88a337]" started-at="2025-02-12T14:11:00 SGT" name="testAddToDo" finished-at="2025-02-12T14:11:05 SGT" duration-ms="4192" status="PASS">
          <reporter-output>
          </reporter-output>
        </test-method> <!-- testAddToDo -->
        <test-method signature="testDeleteToDo()[pri:0, instance:TestPackage.ToDoTest@c88a337]" started-at="2025-02-12T14:11:05 SGT" name="testDeleteToDo" finished-at="2025-02-12T14:11:09 SGT" duration-ms="4120" status="PASS">
          <reporter-output>
          </reporter-output>
        </test-method> <!-- testDeleteToDo -->
        <test-method is-config="true" signature="tearDown()[pri:0, instance:TestPackage.ToDoTest@c88a337]" started-at="2025-02-12T14:11:09 SGT" name="tearDown" finished-at="2025-02-12T14:11:10 SGT" duration-ms="1661" status="PASS">
          <reporter-output>
          </reporter-output>
        </test-method> <!-- tearDown -->
      </class> <!-- TestPackage.ToDoTest -->
    </test> <!-- EdgeTest -->
  </suite> <!-- CrossBrowserHybridSuite -->
</testng-results>
